/*C22*/SET SCHEMA PUBLIC
alter table laboratorio_model add column laboratorio varchar(255)
DELETE FROM LABORATORIO_MODEL WHERE ID=1
COMMIT
DELETE FROM LABORATORIO_MODEL WHERE ID=2
COMMIT
DELETE FROM LABORATORIO_MODEL WHERE ID=3
COMMIT
DELETE FROM LABORATORIO_MODEL WHERE ID=4
COMMIT
DELETE FROM LABORATORIO_MODEL WHERE ID=5
COMMIT
DELETE FROM LABORATORIO_MODEL WHERE ID=6
COMMIT
DELETE FROM LABORATORIO_MODEL WHERE ID=7
COMMIT
INSERT INTO LABORATORIO_MODEL VALUES(11,'andar 1 lado A',NULL,'')
ALTER SEQUENCE PUBLIC.HIBERNATE_SEQUENCE RESTART WITH 12
COMMIT
INSERT INTO LABORATORIO_MODEL VALUES(12,'andar 1 lado B',NULL,'')
ALTER SEQUENCE PUBLIC.HIBERNATE_SEQUENCE RESTART WITH 13
COMMIT
INSERT INTO LABORATORIO_MODEL VALUES(13,'andar 1 lado A',NULL,'Laboratorio 1')
ALTER SEQUENCE PUBLIC.HIBERNATE_SEQUENCE RESTART WITH 14
COMMIT
INSERT INTO LABORATORIO_MODEL VALUES(14,'andar 1 lado B',NULL,'Laboratorio 2')
ALTER SEQUENCE PUBLIC.HIBERNATE_SEQUENCE RESTART WITH 15
COMMIT
DISCONNECT
/*C28*/SET SCHEMA PUBLIC
DISCONNECT
/*C29*/SET SCHEMA PUBLIC
DISCONNECT
/*C23*/SET SCHEMA PUBLIC
DISCONNECT
/*C26*/SET SCHEMA PUBLIC
DISCONNECT
/*C27*/SET SCHEMA PUBLIC
DISCONNECT
/*C25*/SET SCHEMA PUBLIC
DISCONNECT
/*C30*/SET SCHEMA PUBLIC
DISCONNECT
/*C24*/SET SCHEMA PUBLIC
DISCONNECT
/*C31*/SET SCHEMA PUBLIC
DISCONNECT
/*C34*/SET SCHEMA PUBLIC
DISCONNECT
/*C36*/SET SCHEMA PUBLIC
DISCONNECT
/*C35*/SET SCHEMA PUBLIC
DISCONNECT
/*C32*/SET SCHEMA PUBLIC
DISCONNECT
/*C37*/SET SCHEMA PUBLIC
DISCONNECT
/*C33*/SET SCHEMA PUBLIC
DISCONNECT
/*C40*/SET SCHEMA PUBLIC
DISCONNECT
/*C38*/SET SCHEMA PUBLIC
DISCONNECT
/*C41*/SET SCHEMA PUBLIC
DISCONNECT
/*C39*/SET SCHEMA PUBLIC
DISCONNECT
